<?xml version="1.0" encoding="UTF-8"?>
<testng-results ignored="0" total="1" passed="1" failed="0" skipped="0">
  <reporter-output>
  </reporter-output>
  <suite started-at="2025-08-02T13:49:41 IST" name="Default suite" finished-at="2025-08-02T13:49:52 IST" duration-ms="10888">
    <groups>
    </groups>
    <test started-at="2025-08-02T13:49:41 IST" name="Default test" finished-at="2025-08-02T13:49:52 IST" duration-ms="10888">
      <class name="ASSIGNMENT.MAS2">
        <test-method signature="login()[pri:0, instance:ASSIGNMENT.MAS2@18078bef]" started-at="2025-08-02T13:49:41 IST" name="login" finished-at="2025-08-02T13:49:52 IST" duration-ms="10783" status="PASS">
          <reporter-output>
          </reporter-output>
        </test-method> <!-- login -->
      </class> <!-- ASSIGNMENT.MAS2 -->
    </test> <!-- Default test -->
  </suite> <!-- Default suite -->
</testng-results>
